10:36:56 **** Build of configuration Debug for project Lab3 ****
make all 
Building file: ../Sources/main.c
Invoking: Cross ARM C Compiler
arm-none-eabi-gcc -mcpu=cortex-m4 -mthumb -mfloat-abi=hard -mfpu=fpv4-sp-d16 -O0 -fmessage-length=0 -fsigned-char -ffunction-sections -fdata-sections  -g3 -I"../Sources" -I"../Includes" -std=c99 -MMD -MP -MF"Sources/main.d" -MT"Sources/main.o" -c -o "Sources/main.o" "../Sources/main.c"
Finished building: ../Sources/main.c
 
Building file: ../Project_Settings/Startup_Code/startup_MK22F51212.S
Invoking: Cross ARM GNU Assembler
arm-none-eabi-gcc -mcpu=cortex-m4 -mthumb -mfloat-abi=hard -mfpu=fpv4-sp-d16 -O0 -fmessage-length=0 -fsigned-char -ffunction-sections -fdata-sections  -g3 -x assembler-with-cpp -MMD -MP -MF"Project_Settings/Startup_Code/startup_MK22F51212.d" -MT"Project_Settings/Startup_Code/startup_MK22F51212.o" -c -o "Project_Settings/Startup_Code/startup_MK22F51212.o" "../Project_Settings/Startup_Code/startup_MK22F51212.S"
Finished building: ../Project_Settings/Startup_Code/startup_MK22F51212.S
 
Building file: ../Project_Settings/Startup_Code/system_MK22F51212.c
Invoking: Cross ARM C Compiler
arm-none-eabi-gcc -mcpu=cortex-m4 -mthumb -mfloat-abi=hard -mfpu=fpv4-sp-d16 -O0 -fmessage-length=0 -fsigned-char -ffunction-sections -fdata-sections  -g3 -I"../Sources" -I"../Includes" -std=c99 -MMD -MP -MF"Project_Settings/Startup_Code/system_MK22F51212.d" -MT"Project_Settings/Startup_Code/system_MK22F51212.o" -c -o "Project_Settings/Startup_Code/system_MK22F51212.o" "../Project_Settings/Startup_Code/system_MK22F51212.c"
Finished building: ../Project_Settings/Startup_Code/system_MK22F51212.c
 
Building target: Lab3.elf
Invoking: Cross ARM C++ Linker
arm-none-eabi-g++ -mcpu=cortex-m4 -mthumb -mfloat-abi=hard -mfpu=fpv4-sp-d16 -O0 -fmessage-length=0 -fsigned-char -ffunction-sections -fdata-sections  -g3 -T "MK22FN512xxx12_flash.ld" -Xlinker --gc-sections -L"C:/Users/jesse/Desktop/CC2511/Lab 3/Lab3/Project_Settings/Linker_Files" -Wl,-Map,"Lab3.map" -specs=nano.specs -specs=nosys.specs -o "Lab3.elf"  ./Sources/main.o  ./Project_Settings/Startup_Code/startup_MK22F51212.o ./Project_Settings/Startup_Code/system_MK22F51212.o   
Finished building target: Lab3.elf
 
10:37:36 **** Incremental Build of configuration Debug for project Lab3 ****
make all 
make: Nothing to be done for 'all'.
10:39:41 **** Incremental Build of configuration Debug for project Lab3 ****
make all 
make: Nothing to be done for 'all'.
10:45:14 **** Incremental Build of configuration Debug for project Lab3 ****
make all 
make: Nothing to be done for 'all'.
10:46:40 **** Incremental Build of configuration Debug for project Lab3 ****
make all 
make: Nothing to be done for 'all'.
10:47:35 **** Incremental Build of configuration Debug for project Lab3 ****
make all 
make: Nothing to be done for 'all'.
10:48:29 **** Incremental Build of configuration Debug for project Lab3 ****
make all 
make: Nothing to be done for 'all'.
10:49:10 **** Incremental Build of configuration Debug for project Lab3 ****
make all 
Building file: ../Sources/main.c
Invoking: Cross ARM C Compiler
arm-none-eabi-gcc -mcpu=cortex-m4 -mthumb -mfloat-abi=hard -mfpu=fpv4-sp-d16 -O0 -fmessage-length=0 -fsigned-char -ffunction-sections -fdata-sections  -g3 -I"../Sources" -I"../Includes" -std=c99 -MMD -MP -MF"Sources/main.d" -MT"Sources/main.o" -c -o "Sources/main.o" "../Sources/main.c"
Finished building: ../Sources/main.c
 
Building target: Lab3.elf
Invoking: Cross ARM C++ Linker
arm-none-eabi-g++ -mcpu=cortex-m4 -mthumb -mfloat-abi=hard -mfpu=fpv4-sp-d16 -O0 -fmessage-length=0 -fsigned-char -ffunction-sections -fdata-sections  -g3 -T "MK22FN512xxx12_flash.ld" -Xlinker --gc-sections -L"C:/Users/jesse/Desktop/CC2511/Lab 3/Lab3/Project_Settings/Linker_Files" -Wl,-Map,"Lab3.map" -specs=nano.specs -specs=nosys.specs -o "Lab3.elf"  ./Sources/main.o  ./Project_Settings/Startup_Code/startup_MK22F51212.o ./Project_Settings/Startup_Code/system_MK22F51212.o   
Finished building target: Lab3.elf
 
10:49:55 **** Incremental Build of configuration Debug for project Lab3 ****
make all 
make: Nothing to be done for 'all'.
10:52:00 **** Incremental Build of configuration Debug for project Lab3 ****
make all 
Building file: ../Sources/main.c
Invoking: Cross ARM C Compiler
arm-none-eabi-gcc -mcpu=cortex-m4 -mthumb -mfloat-abi=hard -mfpu=fpv4-sp-d16 -O0 -fmessage-length=0 -fsigned-char -ffunction-sections -fdata-sections  -g3 -I"../Sources" -I"../Includes" -std=c99 -MMD -MP -MF"Sources/main.d" -MT"Sources/main.o" -c -o "Sources/main.o" "../Sources/main.c"
Finished building: ../Sources/main.c
 
Building target: Lab3.elf
Invoking: Cross ARM C++ Linker
arm-none-eabi-g++ -mcpu=cortex-m4 -mthumb -mfloat-abi=hard -mfpu=fpv4-sp-d16 -O0 -fmessage-length=0 -fsigned-char -ffunction-sections -fdata-sections  -g3 -T "MK22FN512xxx12_flash.ld" -Xlinker --gc-sections -L"C:/Users/jesse/Desktop/CC2511/Lab 3/Lab3/Project_Settings/Linker_Files" -Wl,-Map,"Lab3.map" -specs=nano.specs -specs=nosys.specs -o "Lab3.elf"  ./Sources/main.o  ./Project_Settings/Startup_Code/startup_MK22F51212.o ./Project_Settings/Startup_Code/system_MK22F51212.o   
Finished building target: Lab3.elf
 
10:53:19 **** Incremental Build of configuration Debug for project Lab3 ****
make all 
make: Nothing to be done for 'all'.
10:54:50 **** Incremental Build of configuration Debug for project Lab3 ****
make all 
Building file: ../Sources/main.c
Invoking: Cross ARM C Compiler
arm-none-eabi-gcc -mcpu=cortex-m4 -mthumb -mfloat-abi=hard -mfpu=fpv4-sp-d16 -O0 -fmessage-length=0 -fsigned-char -ffunction-sections -fdata-sections  -g3 -I"../Sources" -I"../Includes" -std=c99 -MMD -MP -MF"Sources/main.d" -MT"Sources/main.o" -c -o "Sources/main.o" "../Sources/main.c"
Finished building: ../Sources/main.c
 
Building target: Lab3.elf
Invoking: Cross ARM C++ Linker
arm-none-eabi-g++ -mcpu=cortex-m4 -mthumb -mfloat-abi=hard -mfpu=fpv4-sp-d16 -O0 -fmessage-length=0 -fsigned-char -ffunction-sections -fdata-sections  -g3 -T "MK22FN512xxx12_flash.ld" -Xlinker --gc-sections -L"C:/Users/jesse/Desktop/CC2511/Lab 3/Lab3/Project_Settings/Linker_Files" -Wl,-Map,"Lab3.map" -specs=nano.specs -specs=nosys.specs -o "Lab3.elf"  ./Sources/main.o  ./Project_Settings/Startup_Code/startup_MK22F51212.o ./Project_Settings/Startup_Code/system_MK22F51212.o   
Finished building target: Lab3.elf
 
10:58:47 **** Incremental Build of configuration Debug for project Lab3 ****
make all 
Building file: ../Sources/main.c
Invoking: Cross ARM C Compiler
arm-none-eabi-gcc -mcpu=cortex-m4 -mthumb -mfloat-abi=hard -mfpu=fpv4-sp-d16 -O0 -fmessage-length=0 -fsigned-char -ffunction-sections -fdata-sections  -g3 -I"../Sources" -I"../Includes" -std=c99 -MMD -MP -MF"Sources/main.d" -MT"Sources/main.o" -c -o "Sources/main.o" "../Sources/main.c"
Finished building: ../Sources/main.c
 
Building target: Lab3.elf
Invoking: Cross ARM C++ Linker
arm-none-eabi-g++ -mcpu=cortex-m4 -mthumb -mfloat-abi=hard -mfpu=fpv4-sp-d16 -O0 -fmessage-length=0 -fsigned-char -ffunction-sections -fdata-sections  -g3 -T "MK22FN512xxx12_flash.ld" -Xlinker --gc-sections -L"C:/Users/jesse/Desktop/CC2511/Lab 3/Lab3/Project_Settings/Linker_Files" -Wl,-Map,"Lab3.map" -specs=nano.specs -specs=nosys.specs -o "Lab3.elf"  ./Sources/main.o  ./Project_Settings/Startup_Code/startup_MK22F51212.o ./Project_Settings/Startup_Code/system_MK22F51212.o   
Finished building target: Lab3.elf
 
10:59:00 **** Incremental Build of configuration Debug for project Lab3 ****
make all 
make: Nothing to be done for 'all'.
10:59:59 **** Incremental Build of configuration Debug for project Lab3 ****
make all 
Building file: ../Sources/main.c
Invoking: Cross ARM C Compiler
arm-none-eabi-gcc -mcpu=cortex-m4 -mthumb -mfloat-abi=hard -mfpu=fpv4-sp-d16 -O0 -fmessage-length=0 -fsigned-char -ffunction-sections -fdata-sections  -g3 -I"../Sources" -I"../Includes" -std=c99 -MMD -MP -MF"Sources/main.d" -MT"Sources/main.o" -c -o "Sources/main.o" "../Sources/main.c"
Finished building: ../Sources/main.c
 
Building target: Lab3.elf
Invoking: Cross ARM C++ Linker
arm-none-eabi-g++ -mcpu=cortex-m4 -mthumb -mfloat-abi=hard -mfpu=fpv4-sp-d16 -O0 -fmessage-length=0 -fsigned-char -ffunction-sections -fdata-sections  -g3 -T "MK22FN512xxx12_flash.ld" -Xlinker --gc-sections -L"C:/Users/jesse/Desktop/CC2511/Lab 3/Lab3/Project_Settings/Linker_Files" -Wl,-Map,"Lab3.map" -specs=nano.specs -specs=nosys.specs -o "Lab3.elf"  ./Sources/main.o  ./Project_Settings/Startup_Code/startup_MK22F51212.o ./Project_Settings/Startup_Code/system_MK22F51212.o   
Finished building target: Lab3.elf
 
11:00:22 **** Incremental Build of configuration Debug for project Lab3 ****
make all 
Building file: ../Sources/main.c
Invoking: Cross ARM C Compiler
arm-none-eabi-gcc -mcpu=cortex-m4 -mthumb -mfloat-abi=hard -mfpu=fpv4-sp-d16 -O0 -fmessage-length=0 -fsigned-char -ffunction-sections -fdata-sections  -g3 -I"../Sources" -I"../Includes" -std=c99 -MMD -MP -MF"Sources/main.d" -MT"Sources/main.o" -c -o "Sources/main.o" "../Sources/main.c"
Finished building: ../Sources/main.c
 
Building target: Lab3.elf
Invoking: Cross ARM C++ Linker
arm-none-eabi-g++ -mcpu=cortex-m4 -mthumb -mfloat-abi=hard -mfpu=fpv4-sp-d16 -O0 -fmessage-length=0 -fsigned-char -ffunction-sections -fdata-sections  -g3 -T "MK22FN512xxx12_flash.ld" -Xlinker --gc-sections -L"C:/Users/jesse/Desktop/CC2511/Lab 3/Lab3/Project_Settings/Linker_Files" -Wl,-Map,"Lab3.map" -specs=nano.specs -specs=nosys.specs -o "Lab3.elf"  ./Sources/main.o  ./Project_Settings/Startup_Code/startup_MK22F51212.o ./Project_Settings/Startup_Code/system_MK22F51212.o   
Finished building target: Lab3.elf
 
11:01:18 **** Incremental Build of configuration Debug for project Lab3 ****
make all 
Building file: ../Sources/main.c
Invoking: Cross ARM C Compiler
arm-none-eabi-gcc -mcpu=cortex-m4 -mthumb -mfloat-abi=hard -mfpu=fpv4-sp-d16 -O0 -fmessage-length=0 -fsigned-char -ffunction-sections -fdata-sections  -g3 -I"../Sources" -I"../Includes" -std=c99 -MMD -MP -MF"Sources/main.d" -MT"Sources/main.o" -c -o "Sources/main.o" "../Sources/main.c"
Finished building: ../Sources/main.c
 
Building target: Lab3.elf
Invoking: Cross ARM C++ Linker
arm-none-eabi-g++ -mcpu=cortex-m4 -mthumb -mfloat-abi=hard -mfpu=fpv4-sp-d16 -O0 -fmessage-length=0 -fsigned-char -ffunction-sections -fdata-sections  -g3 -T "MK22FN512xxx12_flash.ld" -Xlinker --gc-sections -L"C:/Users/jesse/Desktop/CC2511/Lab 3/Lab3/Project_Settings/Linker_Files" -Wl,-Map,"Lab3.map" -specs=nano.specs -specs=nosys.specs -o "Lab3.elf"  ./Sources/main.o  ./Project_Settings/Startup_Code/startup_MK22F51212.o ./Project_Settings/Startup_Code/system_MK22F51212.o   
Finished building target: Lab3.elf
 
11:02:42 **** Incremental Build of configuration Debug for project Lab3 ****
make all 
Building file: ../Sources/main.c
Invoking: Cross ARM C Compiler
arm-none-eabi-gcc -mcpu=cortex-m4 -mthumb -mfloat-abi=hard -mfpu=fpv4-sp-d16 -O0 -fmessage-length=0 -fsigned-char -ffunction-sections -fdata-sections  -g3 -I"../Sources" -I"../Includes" -std=c99 -MMD -MP -MF"Sources/main.d" -MT"Sources/main.o" -c -o "Sources/main.o" "../Sources/main.c"
Finished building: ../Sources/main.c
 
Building target: Lab3.elf
Invoking: Cross ARM C++ Linker
arm-none-eabi-g++ -mcpu=cortex-m4 -mthumb -mfloat-abi=hard -mfpu=fpv4-sp-d16 -O0 -fmessage-length=0 -fsigned-char -ffunction-sections -fdata-sections  -g3 -T "MK22FN512xxx12_flash.ld" -Xlinker --gc-sections -L"C:/Users/jesse/Desktop/CC2511/Lab 3/Lab3/Project_Settings/Linker_Files" -Wl,-Map,"Lab3.map" -specs=nano.specs -specs=nosys.specs -o "Lab3.elf"  ./Sources/main.o  ./Project_Settings/Startup_Code/startup_MK22F51212.o ./Project_Settings/Startup_Code/system_MK22F51212.o   
Finished building target: Lab3.elf
 
11:12:46 **** Incremental Build of configuration Debug for project Lab3 ****
make all 
Building file: ../Sources/main.c
Invoking: Cross ARM C Compiler
arm-none-eabi-gcc -mcpu=cortex-m4 -mthumb -mfloat-abi=hard -mfpu=fpv4-sp-d16 -O0 -fmessage-length=0 -fsigned-char -ffunction-sections -fdata-sections  -g3 -I"../Sources" -I"../Includes" -std=c99 -MMD -MP -MF"Sources/main.d" -MT"Sources/main.o" -c -o "Sources/main.o" "../Sources/main.c"
Finished building: ../Sources/main.c
 
Building target: Lab3.elf
Invoking: Cross ARM C++ Linker
arm-none-eabi-g++ -mcpu=cortex-m4 -mthumb -mfloat-abi=hard -mfpu=fpv4-sp-d16 -O0 -fmessage-length=0 -fsigned-char -ffunction-sections -fdata-sections  -g3 -T "MK22FN512xxx12_flash.ld" -Xlinker --gc-sections -L"C:/Users/jesse/Desktop/CC2511/Lab 3/Lab3/Project_Settings/Linker_Files" -Wl,-Map,"Lab3.map" -specs=nano.specs -specs=nosys.specs -o "Lab3.elf"  ./Sources/main.o  ./Project_Settings/Startup_Code/startup_MK22F51212.o ./Project_Settings/Startup_Code/system_MK22F51212.o   
Finished building target: Lab3.elf
 
11:14:19 **** Incremental Build of configuration Debug for project Lab3 ****
make all 
Building file: ../Sources/main.c
Invoking: Cross ARM C Compiler
arm-none-eabi-gcc -mcpu=cortex-m4 -mthumb -mfloat-abi=hard -mfpu=fpv4-sp-d16 -O0 -fmessage-length=0 -fsigned-char -ffunction-sections -fdata-sections  -g3 -I"../Sources" -I"../Includes" -std=c99 -MMD -MP -MF"Sources/main.d" -MT"Sources/main.o" -c -o "Sources/main.o" "../Sources/main.c"
../Sources/main.c: In function 'BlankLED':
../Sources/main.c:37:2: warning: implicit declaration of function 'wait' [-Wimplicit-function-declaration]
  wait();
  ^
../Sources/main.c: At top level:
../Sources/main.c:41:6: warning: conflicting types for 'wait' [enabled by default]
 void wait(){
      ^
../Sources/main.c:37:2: note: previous implicit declaration of 'wait' was here
  wait();
  ^
../Sources/main.c: In function 'wait':
../Sources/main.c:42:7: error: 'counter' undeclared (first use in this function)
  for (counter = 0; counter < 1000000; counter++) {}
       ^
../Sources/main.c:42:7: note: each undeclared identifier is reported only once for each function it appears in
Sources/subdir.mk:18: recipe for target 'Sources/main.o' failed
make: *** [Sources/main.o] Error 1
11:15:12 **** Incremental Build of configuration Debug for project Lab3 ****
make all 
Building file: ../Sources/main.c
Invoking: Cross ARM C Compiler
arm-none-eabi-gcc -mcpu=cortex-m4 -mthumb -mfloat-abi=hard -mfpu=fpv4-sp-d16 -O0 -fmessage-length=0 -fsigned-char -ffunction-sections -fdata-sections  -g3 -I"../Sources" -I"../Includes" -std=c99 -MMD -MP -MF"Sources/main.d" -MT"Sources/main.o" -c -o "Sources/main.o" "../Sources/main.c"
../Sources/main.c: In function 'BlankLED':
../Sources/main.c:37:2: warning: implicit declaration of function 'wait' [-Wimplicit-function-declaration]
  wait();
  ^
../Sources/main.c: At top level:
../Sources/main.c:42:6: warning: conflicting types for 'wait' [enabled by default]
 void wait(){
      ^
../Sources/main.c:37:2: note: previous implicit declaration of 'wait' was here
  wait();
  ^
Finished building: ../Sources/main.c
 
Building target: Lab3.elf
Invoking: Cross ARM C++ Linker
arm-none-eabi-g++ -mcpu=cortex-m4 -mthumb -mfloat-abi=hard -mfpu=fpv4-sp-d16 -O0 -fmessage-length=0 -fsigned-char -ffunction-sections -fdata-sections  -g3 -T "MK22FN512xxx12_flash.ld" -Xlinker --gc-sections -L"C:/Users/jesse/Desktop/CC2511/Lab 3/Lab3/Project_Settings/Linker_Files" -Wl,-Map,"Lab3.map" -specs=nano.specs -specs=nosys.specs -o "Lab3.elf"  ./Sources/main.o  ./Project_Settings/Startup_Code/startup_MK22F51212.o ./Project_Settings/Startup_Code/system_MK22F51212.o   
Finished building target: Lab3.elf
 
11:15:18 **** Incremental Build of configuration Debug for project Lab3 ****
make all 
make: Nothing to be done for 'all'.
11:18:39 **** Incremental Build of configuration Debug for project Lab3 ****
make all 
Building file: ../Sources/main.c
Invoking: Cross ARM C Compiler
arm-none-eabi-gcc -mcpu=cortex-m4 -mthumb -mfloat-abi=hard -mfpu=fpv4-sp-d16 -O0 -fmessage-length=0 -fsigned-char -ffunction-sections -fdata-sections  -g3 -I"../Sources" -I"../Includes" -std=c99 -MMD -MP -MF"Sources/main.d" -MT"Sources/main.o" -c -o "Sources/main.o" "../Sources/main.c"
../Sources/main.c: In function 'BlankLED':
../Sources/main.c:37:2: warning: implicit declaration of function 'wait' [-Wimplicit-function-declaration]
  wait();
  ^
../Sources/main.c: At top level:
../Sources/main.c:42:6: warning: conflicting types for 'wait' [enabled by default]
 void wait(){
      ^
../Sources/main.c:37:2: note: previous implicit declaration of 'wait' was here
  wait();
  ^
Finished building: ../Sources/main.c
 
Building target: Lab3.elf
Invoking: Cross ARM C++ Linker
arm-none-eabi-g++ -mcpu=cortex-m4 -mthumb -mfloat-abi=hard -mfpu=fpv4-sp-d16 -O0 -fmessage-length=0 -fsigned-char -ffunction-sections -fdata-sections  -g3 -T "MK22FN512xxx12_flash.ld" -Xlinker --gc-sections -L"C:/Users/jesse/Desktop/CC2511/Lab 3/Lab3/Project_Settings/Linker_Files" -Wl,-Map,"Lab3.map" -specs=nano.specs -specs=nosys.specs -o "Lab3.elf"  ./Sources/main.o  ./Project_Settings/Startup_Code/startup_MK22F51212.o ./Project_Settings/Startup_Code/system_MK22F51212.o   
Finished building target: Lab3.elf
 
11:19:07 **** Incremental Build of configuration Debug for project Lab3 ****
make all 
Building file: ../Sources/main.c
Invoking: Cross ARM C Compiler
arm-none-eabi-gcc -mcpu=cortex-m4 -mthumb -mfloat-abi=hard -mfpu=fpv4-sp-d16 -O0 -fmessage-length=0 -fsigned-char -ffunction-sections -fdata-sections  -g3 -I"../Sources" -I"../Includes" -std=c99 -MMD -MP -MF"Sources/main.d" -MT"Sources/main.o" -c -o "Sources/main.o" "../Sources/main.c"
../Sources/main.c: In function 'BlankLED':
../Sources/main.c:37:2: warning: implicit declaration of function 'wait' [-Wimplicit-function-declaration]
  wait();
  ^
../Sources/main.c: At top level:
../Sources/main.c:43:6: warning: conflicting types for 'wait' [enabled by default]
 void wait(){
      ^
../Sources/main.c:37:2: note: previous implicit declaration of 'wait' was here
  wait();
  ^
Finished building: ../Sources/main.c
 
Building target: Lab3.elf
Invoking: Cross ARM C++ Linker
arm-none-eabi-g++ -mcpu=cortex-m4 -mthumb -mfloat-abi=hard -mfpu=fpv4-sp-d16 -O0 -fmessage-length=0 -fsigned-char -ffunction-sections -fdata-sections  -g3 -T "MK22FN512xxx12_flash.ld" -Xlinker --gc-sections -L"C:/Users/jesse/Desktop/CC2511/Lab 3/Lab3/Project_Settings/Linker_Files" -Wl,-Map,"Lab3.map" -specs=nano.specs -specs=nosys.specs -o "Lab3.elf"  ./Sources/main.o  ./Project_Settings/Startup_Code/startup_MK22F51212.o ./Project_Settings/Startup_Code/system_MK22F51212.o   
Finished building target: Lab3.elf
 
11:19:54 **** Incremental Build of configuration Debug for project Lab3 ****
make all 
Building file: ../Sources/main.c
Invoking: Cross ARM C Compiler
arm-none-eabi-gcc -mcpu=cortex-m4 -mthumb -mfloat-abi=hard -mfpu=fpv4-sp-d16 -O0 -fmessage-length=0 -fsigned-char -ffunction-sections -fdata-sections  -g3 -I"../Sources" -I"../Includes" -std=c99 -MMD -MP -MF"Sources/main.d" -MT"Sources/main.o" -c -o "Sources/main.o" "../Sources/main.c"
../Sources/main.c: In function 'BlankLED':
../Sources/main.c:37:2: warning: implicit declaration of function 'waitabit' [-Wimplicit-function-declaration]
  waitabit();
  ^
../Sources/main.c: At top level:
../Sources/main.c:43:6: warning: conflicting types for 'waitabit' [enabled by default]
 void waitabit(){
      ^
../Sources/main.c:37:2: note: previous implicit declaration of 'waitabit' was here
  waitabit();
  ^
Finished building: ../Sources/main.c
 
Building target: Lab3.elf
Invoking: Cross ARM C++ Linker
arm-none-eabi-g++ -mcpu=cortex-m4 -mthumb -mfloat-abi=hard -mfpu=fpv4-sp-d16 -O0 -fmessage-length=0 -fsigned-char -ffunction-sections -fdata-sections  -g3 -T "MK22FN512xxx12_flash.ld" -Xlinker --gc-sections -L"C:/Users/jesse/Desktop/CC2511/Lab 3/Lab3/Project_Settings/Linker_Files" -Wl,-Map,"Lab3.map" -specs=nano.specs -specs=nosys.specs -o "Lab3.elf"  ./Sources/main.o  ./Project_Settings/Startup_Code/startup_MK22F51212.o ./Project_Settings/Startup_Code/system_MK22F51212.o   
Finished building target: Lab3.elf
 
11:22:40 **** Incremental Build of configuration Debug for project Lab3 ****
make all 
Building file: ../Sources/main.c
Invoking: Cross ARM C Compiler
arm-none-eabi-gcc -mcpu=cortex-m4 -mthumb -mfloat-abi=hard -mfpu=fpv4-sp-d16 -O0 -fmessage-length=0 -fsigned-char -ffunction-sections -fdata-sections  -g3 -I"../Sources" -I"../Includes" -std=c99 -MMD -MP -MF"Sources/main.d" -MT"Sources/main.o" -c -o "Sources/main.o" "../Sources/main.c"
../Sources/main.c: In function 'BlankLED':
../Sources/main.c:37:2: warning: implicit declaration of function 'waitabit' [-Wimplicit-function-declaration]
  waitabit();
  ^
../Sources/main.c: At top level:
../Sources/main.c:43:6: warning: conflicting types for 'waitabit' [enabled by default]
 void waitabit(){
      ^
../Sources/main.c:37:2: note: previous implicit declaration of 'waitabit' was here
  waitabit();
  ^
Finished building: ../Sources/main.c
 
Building target: Lab3.elf
Invoking: Cross ARM C++ Linker
arm-none-eabi-g++ -mcpu=cortex-m4 -mthumb -mfloat-abi=hard -mfpu=fpv4-sp-d16 -O0 -fmessage-length=0 -fsigned-char -ffunction-sections -fdata-sections  -g3 -T "MK22FN512xxx12_flash.ld" -Xlinker --gc-sections -L"C:/Users/jesse/Desktop/CC2511/Lab 3/Lab3/Project_Settings/Linker_Files" -Wl,-Map,"Lab3.map" -specs=nano.specs -specs=nosys.specs -o "Lab3.elf"  ./Sources/main.o  ./Project_Settings/Startup_Code/startup_MK22F51212.o ./Project_Settings/Startup_Code/system_MK22F51212.o   
Finished building target: Lab3.elf
 
11:25:24 **** Incremental Build of configuration Debug for project Lab3 ****
make all 
Building file: ../Sources/main.c
Invoking: Cross ARM C Compiler
arm-none-eabi-gcc -mcpu=cortex-m4 -mthumb -mfloat-abi=hard -mfpu=fpv4-sp-d16 -O0 -fmessage-length=0 -fsigned-char -ffunction-sections -fdata-sections  -g3 -I"../Sources" -I"../Includes" -std=c99 -MMD -MP -MF"Sources/main.d" -MT"Sources/main.o" -c -o "Sources/main.o" "../Sources/main.c"
Finished building: ../Sources/main.c
 
Building target: Lab3.elf
Invoking: Cross ARM C++ Linker
arm-none-eabi-g++ -mcpu=cortex-m4 -mthumb -mfloat-abi=hard -mfpu=fpv4-sp-d16 -O0 -fmessage-length=0 -fsigned-char -ffunction-sections -fdata-sections  -g3 -T "MK22FN512xxx12_flash.ld" -Xlinker --gc-sections -L"C:/Users/jesse/Desktop/CC2511/Lab 3/Lab3/Project_Settings/Linker_Files" -Wl,-Map,"Lab3.map" -specs=nano.specs -specs=nosys.specs -o "Lab3.elf"  ./Sources/main.o  ./Project_Settings/Startup_Code/startup_MK22F51212.o ./Project_Settings/Startup_Code/system_MK22F51212.o   
Finished building target: Lab3.elf
 
11:27:20 **** Incremental Build of configuration Debug for project Lab3 ****
make all 
Building file: ../Sources/main.c
Invoking: Cross ARM C Compiler
arm-none-eabi-gcc -mcpu=cortex-m4 -mthumb -mfloat-abi=hard -mfpu=fpv4-sp-d16 -O0 -fmessage-length=0 -fsigned-char -ffunction-sections -fdata-sections  -g3 -I"../Sources" -I"../Includes" -std=c99 -MMD -MP -MF"Sources/main.d" -MT"Sources/main.o" -c -o "Sources/main.o" "../Sources/main.c"
Finished building: ../Sources/main.c
 
Building target: Lab3.elf
Invoking: Cross ARM C++ Linker
arm-none-eabi-g++ -mcpu=cortex-m4 -mthumb -mfloat-abi=hard -mfpu=fpv4-sp-d16 -O0 -fmessage-length=0 -fsigned-char -ffunction-sections -fdata-sections  -g3 -T "MK22FN512xxx12_flash.ld" -Xlinker --gc-sections -L"C:/Users/jesse/Desktop/CC2511/Lab 3/Lab3/Project_Settings/Linker_Files" -Wl,-Map,"Lab3.map" -specs=nano.specs -specs=nosys.specs -o "Lab3.elf"  ./Sources/main.o  ./Project_Settings/Startup_Code/startup_MK22F51212.o ./Project_Settings/Startup_Code/system_MK22F51212.o   
Finished building target: Lab3.elf
 
